apr 16, 2025 8:05:47 PM EventBroker removeAllEventsChannel
INFORMAZIONI: remove all event channels
apr 16, 2025 8:05:47 PM EventBroker createEventChannel
INFORMAZIONI: create the event channel: e1
apr 16, 2025 8:05:47 PM EventBroker removeAllEventsChannel
INFORMAZIONI: remove all event channels
apr 16, 2025 8:05:47 PM EventBroker createEventChannel
INFORMAZIONI: create the event channel: e1
apr 16, 2025 8:05:47 PM EventBroker createEventChannel
INFORMAZIONI: create the event channel: e2
apr 16, 2025 8:05:47 PM EventBroker getEventChannel
INFORMAZIONI: get the event channel: e1
apr 16, 2025 8:05:47 PM EventBroker getEventChannel
INFORMAZIONI: get the event channel: e2
apr 16, 2025 8:05:47 PM EventBroker getEventChannel
INFORMAZIONI: get the event channel: e1
apr 16, 2025 8:05:47 PM EventBroker getEventChannel
INFORMAZIONI: get the event channel: e2
apr 16, 2025 8:05:47 PM EventBroker removeAllEventsChannel
INFORMAZIONI: remove all event channels
apr 16, 2025 8:05:47 PM polimi.ds.dsnapshot.Connection.RoutingTable.RoutingTable RoutingTable
INFORMAZIONI: create new RoutingTable
apr 16, 2025 8:05:47 PM polimi.ds.dsnapshot.Connection.SpanningTree SpanningTree
INFORMAZIONI: create new spanning tree
apr 16, 2025 8:05:47 PM polimi.ds.dsnapshot.Connection.SpanningTree setAnchorNodeHandler
INFORMAZIONI: set new anchor node in spanning tree: 127.0.0.1:1234
apr 16, 2025 8:05:47 PM EventBroker createEventChannel
INFORMAZIONI: create the event channel: friggieri:2
apr 16, 2025 8:05:47 PM EventBroker createEventChannel
INFORMAZIONI: create the event channel: friggioggi:2
apr 16, 2025 8:05:47 PM EventBroker createEventChannel
INFORMAZIONI: create the event channel: friggidomani:2
apr 16, 2025 8:05:47 PM EventBroker getEventChannel
INFORMAZIONI: get the event channel: friggieri:2
apr 16, 2025 8:05:47 PM polimi.ds.dsnapshot.Snapshot.SnapshotManager startNewSnapshot
INFORMAZIONI: Starting new snapshot for testS2 from friggieri:2
apr 16, 2025 8:05:47 PM EventBroker getAllEventChannelNames
INFORMAZIONI: getAllEventChannelNames
apr 16, 2025 8:05:47 PM polimi.ds.dsnapshot.Snapshot.Snapshot Snapshot
INFORMAZIONI: starting snapshot with name ./snapshots/testS2-2_2025-04-16-20-05-47.bin
apr 16, 2025 8:05:47 PM EventBroker getEventChannel
INFORMAZIONI: get the event channel: friggidomani:2
apr 16, 2025 8:05:47 PM EventBroker getEventChannel
INFORMAZIONI: get the event channel: friggioggi:2
apr 16, 2025 8:05:47 PM EventBroker getEventChannel
INFORMAZIONI: get the event channel: friggieri:2
apr 16, 2025 8:05:47 PM polimi.ds.dsnapshot.Snapshot.SnapshotManager manageSnapshotToken
INFORMAZIONI: received token for already existing snapshot: testS2 from friggidomani:2
apr 16, 2025 8:05:47 PM EventBroker getEventChannel
INFORMAZIONI: get the event channel: friggioggi:2
apr 16, 2025 8:05:47 PM EventBroker getEventChannel
INFORMAZIONI: get the event channel: friggidomani:2
apr 16, 2025 8:05:47 PM EventBroker getEventChannel
INFORMAZIONI: get the event channel: friggieri:2
apr 16, 2025 8:05:47 PM EventBroker getEventChannel
INFORMAZIONI: get the event channel: friggidomani:2
apr 16, 2025 8:05:47 PM EventBroker getEventChannel
INFORMAZIONI: get the event channel: friggioggi:2
apr 16, 2025 8:05:47 PM EventBroker getEventChannel
INFORMAZIONI: get the event channel: friggidomani:2
apr 16, 2025 8:05:47 PM EventBroker getEventChannel
INFORMAZIONI: get the event channel: friggioggi:2
apr 16, 2025 8:05:47 PM EventBroker getEventChannel
INFORMAZIONI: get the event channel: friggioggi:2
apr 16, 2025 8:05:47 PM polimi.ds.dsnapshot.Snapshot.SnapshotManager manageSnapshotToken
INFORMAZIONI: received token for already existing snapshot: testS2 from friggioggi:2
apr 16, 2025 8:05:47 PM EventBroker getEventChannel
INFORMAZIONI: get the event channel: friggioggi:2
apr 16, 2025 8:05:47 PM EventBroker getEventChannel
INFORMAZIONI: get the event channel: friggioggi:2
apr 16, 2025 8:05:47 PM polimi.ds.dsnapshot.Snapshot.Snapshot endSnapshot
INFORMAZIONI: ending snapshot
apr 16, 2025 8:05:47 PM EventBroker getEventChannel
INFORMAZIONI: get the event channel: friggioggi:2
apr 16, 2025 8:05:47 PM polimi.ds.dsnapshot.Snapshot.Snapshot endSnapshot
INFORMAZIONI: snapshot saved in main memory./snapshots/testS2-2_2025-04-16-20-05-47.bin
apr 16, 2025 8:05:48 PM polimi.ds.dsnapshot.Snapshot.SnapshotManager getLastSnapshot
INFORMAZIONI: getLastSnapshot: testS2-2_2025-04-16-20-05-47.bin
apr 16, 2025 8:05:48 PM EventBroker removeAllEventsChannel
INFORMAZIONI: remove all event channels
apr 16, 2025 8:05:48 PM polimi.ds.dsnapshot.Snapshot.SnapshotManager getLastSnapshot
INFORMAZIONI: didn't find a snapshot file
apr 16, 2025 8:05:48 PM EventBroker removeAllEventsChannel
INFORMAZIONI: remove all event channels
apr 16, 2025 8:05:48 PM polimi.ds.dsnapshot.Connection.RoutingTable.RoutingTable RoutingTable
INFORMAZIONI: create new RoutingTable
apr 16, 2025 8:05:48 PM polimi.ds.dsnapshot.Connection.SpanningTree SpanningTree
INFORMAZIONI: create new spanning tree
apr 16, 2025 8:05:48 PM polimi.ds.dsnapshot.Connection.SpanningTree setAnchorNodeHandler
INFORMAZIONI: set new anchor node in spanning tree: 127.0.0.1:1234
apr 16, 2025 8:05:48 PM EventBroker createEventChannel
INFORMAZIONI: create the event channel: friggieri:0
apr 16, 2025 8:05:48 PM polimi.ds.dsnapshot.Snapshot.SnapshotManager startNewSnapshot
INFORMAZIONI: Starting new snapshot for testS1 from friggieri:0
apr 16, 2025 8:05:48 PM EventBroker getAllEventChannelNames
INFORMAZIONI: getAllEventChannelNames
apr 16, 2025 8:05:48 PM polimi.ds.dsnapshot.Snapshot.Snapshot Snapshot
INFORMAZIONI: starting snapshot with name ./snapshots/testS1-0_2025-04-16-20-05-48.bin
apr 16, 2025 8:05:48 PM polimi.ds.dsnapshot.Snapshot.Snapshot endSnapshot
INFORMAZIONI: ending snapshot
apr 16, 2025 8:05:48 PM polimi.ds.dsnapshot.Snapshot.Snapshot endSnapshot
INFORMAZIONI: snapshot saved in main memory./snapshots/testS1-0_2025-04-16-20-05-48.bin
apr 16, 2025 8:05:49 PM polimi.ds.dsnapshot.Snapshot.SnapshotManager getLastSnapshot
INFORMAZIONI: getLastSnapshot: testS1-0_2025-04-16-20-05-48.bin
apr 16, 2025 8:05:49 PM EventBroker removeAllEventsChannel
INFORMAZIONI: remove all event channels
apr 16, 2025 8:05:49 PM polimi.ds.dsnapshot.Connection.RoutingTable.RoutingTable RoutingTable
INFORMAZIONI: create new RoutingTable
apr 16, 2025 8:05:49 PM polimi.ds.dsnapshot.Connection.SpanningTree SpanningTree
INFORMAZIONI: create new spanning tree
apr 16, 2025 8:05:49 PM polimi.ds.dsnapshot.Connection.SpanningTree setAnchorNodeHandler
INFORMAZIONI: set new anchor node in spanning tree: 127.0.0.1:1234
apr 16, 2025 8:05:49 PM EventBroker createEventChannel
INFORMAZIONI: create the event channel: friggieri:3
apr 16, 2025 8:05:49 PM EventBroker createEventChannel
INFORMAZIONI: create the event channel: friggioggi:3
apr 16, 2025 8:05:49 PM EventBroker createEventChannel
INFORMAZIONI: create the event channel: friggidomani:3
apr 16, 2025 8:05:49 PM EventBroker getEventChannel
INFORMAZIONI: get the event channel: friggieri:3
apr 16, 2025 8:05:49 PM polimi.ds.dsnapshot.Snapshot.SnapshotManager startNewSnapshot
INFORMAZIONI: Starting new snapshot for testS2 from friggieri:3
apr 16, 2025 8:05:49 PM EventBroker getAllEventChannelNames
INFORMAZIONI: getAllEventChannelNames
apr 16, 2025 8:05:49 PM polimi.ds.dsnapshot.Snapshot.Snapshot Snapshot
INFORMAZIONI: starting snapshot with name ./snapshots/testS2-3_2025-04-16-20-05-49.bin
apr 16, 2025 8:05:49 PM EventBroker getEventChannel
INFORMAZIONI: get the event channel: friggidomani:3
apr 16, 2025 8:05:49 PM EventBroker getEventChannel
INFORMAZIONI: get the event channel: friggioggi:3
apr 16, 2025 8:05:49 PM EventBroker getEventChannel
INFORMAZIONI: get the event channel: friggieri:3
apr 16, 2025 8:05:49 PM polimi.ds.dsnapshot.Snapshot.SnapshotManager manageSnapshotToken
INFORMAZIONI: received token for already existing snapshot: testS2 from friggioggi:3
apr 16, 2025 8:05:49 PM EventBroker getEventChannel
INFORMAZIONI: get the event channel: friggieri:3
apr 16, 2025 8:05:49 PM EventBroker getEventChannel
INFORMAZIONI: get the event channel: friggioggi:3
apr 16, 2025 8:05:49 PM EventBroker getEventChannel
INFORMAZIONI: get the event channel: friggioggi:3
apr 16, 2025 8:05:49 PM polimi.ds.dsnapshot.Snapshot.SnapshotManager manageSnapshotToken
INFORMAZIONI: received token for already existing snapshot: testS2 from friggidomani:3
apr 16, 2025 8:05:49 PM EventBroker getEventChannel
INFORMAZIONI: get the event channel: friggidomani:3
apr 16, 2025 8:05:49 PM EventBroker getEventChannel
INFORMAZIONI: get the event channel: friggioggi:3
apr 16, 2025 8:05:49 PM polimi.ds.dsnapshot.Snapshot.Snapshot endSnapshot
INFORMAZIONI: ending snapshot
apr 16, 2025 8:05:49 PM EventBroker getEventChannel
INFORMAZIONI: get the event channel: friggidomani:3
apr 16, 2025 8:05:49 PM EventBroker getEventChannel
INFORMAZIONI: get the event channel: friggidomani:3
apr 16, 2025 8:05:49 PM polimi.ds.dsnapshot.Snapshot.Snapshot endSnapshot
INFORMAZIONI: snapshot saved in main memory./snapshots/testS2-3_2025-04-16-20-05-49.bin
apr 16, 2025 8:05:50 PM polimi.ds.dsnapshot.Snapshot.SnapshotManager getLastSnapshot
INFORMAZIONI: getLastSnapshot: testS2-3_2025-04-16-20-05-49.bin
apr 16, 2025 8:05:50 PM EventBroker removeAllEventsChannel
INFORMAZIONI: remove all event channels
apr 16, 2025 8:05:50 PM polimi.ds.dsnapshot.Connection.RoutingTable.RoutingTable RoutingTable
INFORMAZIONI: create new RoutingTable
apr 16, 2025 8:05:50 PM polimi.ds.dsnapshot.Connection.SpanningTree SpanningTree
INFORMAZIONI: create new spanning tree
apr 16, 2025 8:05:50 PM polimi.ds.dsnapshot.Connection.SpanningTree setAnchorNodeHandler
INFORMAZIONI: set new anchor node in spanning tree: 127.0.0.1:1234
apr 16, 2025 8:05:50 PM EventBroker createEventChannel
INFORMAZIONI: create the event channel: friggieri:4
apr 16, 2025 8:05:50 PM EventBroker createEventChannel
INFORMAZIONI: create the event channel: friggioggi:4
apr 16, 2025 8:05:50 PM EventBroker createEventChannel
INFORMAZIONI: create the event channel: friggidomani:4
apr 16, 2025 8:05:50 PM EventBroker getEventChannel
INFORMAZIONI: get the event channel: friggieri:4
apr 16, 2025 8:05:50 PM polimi.ds.dsnapshot.Snapshot.SnapshotManager startNewSnapshot
INFORMAZIONI: Starting new snapshot for testS2 from friggieri:4
apr 16, 2025 8:05:50 PM EventBroker getAllEventChannelNames
INFORMAZIONI: getAllEventChannelNames
apr 16, 2025 8:05:50 PM polimi.ds.dsnapshot.Snapshot.Snapshot Snapshot
INFORMAZIONI: starting snapshot with name ./snapshots/testS2-4_2025-04-16-20-05-50.bin
apr 16, 2025 8:05:50 PM EventBroker getEventChannel
INFORMAZIONI: get the event channel: friggioggi:4
apr 16, 2025 8:05:50 PM EventBroker getEventChannel
INFORMAZIONI: get the event channel: friggidomani:4
apr 16, 2025 8:05:50 PM EventBroker getEventChannel
INFORMAZIONI: get the event channel: friggieri:4
apr 16, 2025 8:05:50 PM EventBroker getEventChannel
INFORMAZIONI: get the event channel: friggidomani:4
apr 16, 2025 8:05:50 PM EventBroker getEventChannel
INFORMAZIONI: get the event channel: friggioggi:4
apr 16, 2025 8:05:50 PM EventBroker getEventChannel
INFORMAZIONI: get the event channel: friggidomani:4
apr 16, 2025 8:05:50 PM EventBroker getEventChannel
INFORMAZIONI: get the event channel: friggieri:4
apr 16, 2025 8:05:50 PM EventBroker getEventChannel
INFORMAZIONI: get the event channel: friggidomani:4
apr 16, 2025 8:05:50 PM EventBroker getEventChannel
INFORMAZIONI: get the event channel: friggioggi:4
apr 16, 2025 8:05:50 PM polimi.ds.dsnapshot.Snapshot.SnapshotManager manageSnapshotToken
INFORMAZIONI: received token for already existing snapshot: testS2 from friggidomani:4
apr 16, 2025 8:05:50 PM EventBroker getEventChannel
INFORMAZIONI: get the event channel: friggidomani:4
apr 16, 2025 8:05:50 PM EventBroker getEventChannel
INFORMAZIONI: get the event channel: friggioggi:4
apr 16, 2025 8:05:50 PM EventBroker getEventChannel
INFORMAZIONI: get the event channel: friggidomani:4
apr 16, 2025 8:05:50 PM EventBroker getEventChannel
INFORMAZIONI: get the event channel: friggioggi:4
apr 16, 2025 8:05:50 PM EventBroker getEventChannel
INFORMAZIONI: get the event channel: friggidomani:4
apr 16, 2025 8:05:50 PM polimi.ds.dsnapshot.Snapshot.SnapshotManager manageSnapshotToken
INFORMAZIONI: received token for already existing snapshot: testS2 from friggioggi:4
apr 16, 2025 8:05:50 PM EventBroker getEventChannel
INFORMAZIONI: get the event channel: friggioggi:4
apr 16, 2025 8:05:50 PM EventBroker getEventChannel
INFORMAZIONI: get the event channel: friggioggi:4
apr 16, 2025 8:05:50 PM polimi.ds.dsnapshot.Snapshot.Snapshot endSnapshot
INFORMAZIONI: ending snapshot
apr 16, 2025 8:05:50 PM EventBroker getEventChannel
INFORMAZIONI: get the event channel: friggioggi:4
apr 16, 2025 8:05:50 PM polimi.ds.dsnapshot.Snapshot.Snapshot endSnapshot
INFORMAZIONI: snapshot saved in main memory./snapshots/testS2-4_2025-04-16-20-05-50.bin
apr 16, 2025 8:05:51 PM polimi.ds.dsnapshot.Snapshot.SnapshotManager getLastSnapshot
INFORMAZIONI: getLastSnapshot: testS2-4_2025-04-16-20-05-50.bin
apr 16, 2025 8:05:51 PM polimi.ds.dsnapshot.Utilities.LoggerManager mutableInfo
INFORMAZIONI: test logger1
apr 16, 2025 8:05:51 PM polimi.ds.dsnapshot.Utilities.LoggerTest test
INFORMAZIONI: test logger2
